This is pdfTeX, Version 3.14159265-2.6-1.40.16 (MiKTeX 2.9) (preloaded format=pdflatex 2015.10.21)  25 OCT 2015 13:01
entering extended mode
**"Srinivas Muthu Masters Thesis.tex"
("Srinivas Muthu Masters Thesis.tex"
LaTeX2e <2015/01/01> patch level 2
Babel <3.9m> and hyphenation patterns for 69 languages loaded.
(uthesis-v12.cls
=========================================================
============ University of Toledo Thesis Style ==========
======================== UThesis ========================
=========================================================
======================= Mike Dowd =======================
==================== August 22, 2011 ====================
=========================================================
Document Class: uthesis-v12 1994/12/09 v1.2x Standard LaTeX document class
("C:\Program Files (x86)\MiKTeX 2.9\tex\latex\base\size12.clo"
File: size12.clo 2014/09/29 v1.4h Standard LaTeX file (size option)
)
\c@part=\count79
\c@chapter=\count80
\c@section=\count81
\c@subsection=\count82
\c@subsubsection=\count83
\c@paragraph=\count84
\c@subparagraph=\count85
\c@figure=\count86
\c@table=\count87
\abovecaptionskip=\skip41
\belowcaptionskip=\skip42
\bibindent=\dimen102

=========================================================
============ University of Toledo Thesis Style ==========
=========================================================
================= 
================= Let the magic begin ...
================= 
=========================================================
------------> borrowing Lamport's and Carlisle's ifthen.sty
------------> borrowing Stephen Page's doublespace.sty
------------> borrowing David M. Jones' hangcaption.sty
\captionwidth=\skip43
------------> UT Thesis Specifications
\c@TotalSIGs=\count88
\c@SecondSIG=\count89
\c@ThirdSIG=\count90
\c@FourthSIG=\count91
\c@FifthSIG=\count92
\c@SixthSIG=\count93
\c@SeventhSIG=\count94
\c@EighthSIG=\count95
------------> borrowing David Carlisle's indentfirst.sty
) ("C:\Program Files (x86)\MiKTeX 2.9\tex\latex\graphics\graphicx.sty"
Package: graphicx 2014/10/28 v1.0g Enhanced LaTeX Graphics (DPC,SPQR)

("C:\Program Files (x86)\MiKTeX 2.9\tex\latex\graphics\keyval.sty"
Package: keyval 2014/10/28 v1.15 key=value parser (DPC)
\KV@toks@=\toks14
)
("C:\Program Files (x86)\MiKTeX 2.9\tex\latex\graphics\graphics.sty"
Package: graphics 2014/10/28 v1.0p Standard LaTeX Graphics (DPC,SPQR)

("C:\Program Files (x86)\MiKTeX 2.9\tex\latex\graphics\trig.sty"
Package: trig 1999/03/16 v1.09 sin cos tan (DPC)
)
("C:\Program Files (x86)\MiKTeX 2.9\tex\latex\00miktex\graphics.cfg"
File: graphics.cfg 2007/01/18 v1.5 graphics configuration of teTeX/TeXLive
)
Package graphics Info: Driver file: pdftex.def on input line 94.

("C:\Program Files (x86)\MiKTeX 2.9\tex\latex\pdftex-def\pdftex.def"
File: pdftex.def 2011/05/27 v0.06d Graphics/color for pdfTeX

("C:\Program Files (x86)\MiKTeX 2.9\tex\generic\oberdiek\infwarerr.sty"
Package: infwarerr 2010/04/08 v1.3 Providing info/warning/error messages (HO)
)
("C:\Program Files (x86)\MiKTeX 2.9\tex\generic\oberdiek\ltxcmds.sty"
Package: ltxcmds 2011/11/09 v1.22 LaTeX kernel commands for general use (HO)
)
\Gread@gobject=\count96
))
\Gin@req@height=\dimen103
\Gin@req@width=\dimen104
)
("C:\Program Files (x86)\MiKTeX 2.9\tex\latex\amsfonts\amssymb.sty"
Package: amssymb 2013/01/14 v3.01 AMS font symbols

("C:\Program Files (x86)\MiKTeX 2.9\tex\latex\amsfonts\amsfonts.sty"
Package: amsfonts 2013/01/14 v3.01 Basic AMSFonts support
\@emptytoks=\toks15
\symAMSa=\mathgroup4
\symAMSb=\mathgroup5
LaTeX Font Info:    Overwriting math alphabet `\mathfrak' in version `bold'
(Font)                  U/euf/m/n --> U/euf/b/n on input line 106.
))
("C:\Program Files (x86)\MiKTeX 2.9\tex\latex\algorithm2e\algorithm2e.sty"
Package: algorithm2e 2013/01/06 v5.00 algorithms environments
\c@AlgoLine=\count97

("C:\Program Files (x86)\MiKTeX 2.9\tex\latex\base\ifthen.sty"
Package: ifthen 2014/09/29 v1.1c Standard LaTeX ifthen package (DPC)
)
("C:\Program Files (x86)\MiKTeX 2.9\tex\latex\tools\xspace.sty"
Package: xspace 2014/10/28 v1.13 Space after command names (DPC,MH)
)
("C:\Program Files (x86)\MiKTeX 2.9\tex\latex\ltxmisc\relsize.sty"
Package: relsize 2003/07/04 ver 3.1
)
********************************************************
Package `algorithm2e' Release 5.0 -- january 06 2013 --
- algorithm2e-announce@lirmm.fr mailing list for announcement about releases
- algorithm2e-discussion@lirmm.fr mailing list for discussion about package
subscribe by emailing sympa@lirmm.fr with 'subscribe <list> <firstname name>'
- Author: Christophe Fiorio (cfiorio@um2.fr)
********************************************************
\skiptotal=\skip44
\skiplinenumber=\skip45
\skiprule=\skip46
\skiphlne=\skip47
\skiptext=\skip48
\skiplength=\skip49
\algomargin=\skip50
\skipalgocfslide=\skip51
\algowidth=\dimen105
\inoutsize=\dimen106
\inoutindent=\dimen107
\interspacetitleruled=\dimen108
\interspacealgoruled=\dimen109
\interspacetitleboxruled=\dimen110
\algocf@inoutbox=\box26
\algocf@inputbox=\box27
\AlCapSkip=\skip52
\AlCapHSkip=\skip53
\algoskipindent=\skip54
\algocf@nlbox=\box28
\algocf@hangingbox=\box29
\algocf@untilbox=\box30
\algocf@skipuntil=\skip55
\algocf@capbox=\box31
\algoheightruledefault=\skip56
\algoheightrule=\skip57
\algotitleheightruledefault=\skip58
\algotitleheightrule=\skip59
\c@algocfline=\count98
\c@algocfproc=\count99
\c@algocf=\count100
\algocf@algoframe=\box32
\algocf@algobox=\box33
) ("C:\Program Files (x86)\MiKTeX 2.9\tex\latex\algorithmicx\algpseudocode.sty"
Package: algpseudocode 
("C:\Program Files (x86)\MiKTeX 2.9\tex\latex\algorithmicx\algorithmicx.sty"
Package: algorithmicx 2005/04/27 v1.2 Algorithmicx

Document Style algorithmicx 1.2 - a greatly improved `algorithmic' style
\c@ALG@line=\count101
\c@ALG@rem=\count102
\c@ALG@nested=\count103
\ALG@tlm=\skip60
\ALG@thistlm=\skip61
\c@ALG@Lnr=\count104
\c@ALG@blocknr=\count105
\c@ALG@storecount=\count106
\c@ALG@tmpcounter=\count107
\ALG@tmplength=\skip62
)
Document Style - pseudocode environments for use with the `algorithmicx' style
) ("Srinivas Muthu Masters Thesis.aux")
LaTeX Font Info:    Checking defaults for OML/cmm/m/it on input line 8.
LaTeX Font Info:    ... okay on input line 8.
LaTeX Font Info:    Checking defaults for T1/cmr/m/n on input line 8.
LaTeX Font Info:    ... okay on input line 8.
LaTeX Font Info:    Checking defaults for OT1/cmr/m/n on input line 8.
LaTeX Font Info:    ... okay on input line 8.
LaTeX Font Info:    Checking defaults for OMS/cmsy/m/n on input line 8.
LaTeX Font Info:    ... okay on input line 8.
LaTeX Font Info:    Checking defaults for OMX/cmex/m/n on input line 8.
LaTeX Font Info:    ... okay on input line 8.
LaTeX Font Info:    Checking defaults for U/cmr/m/n on input line 8.
LaTeX Font Info:    ... okay on input line 8.

("C:\Program Files (x86)\MiKTeX 2.9\tex\context\base\supp-pdf.mkii"
[Loading MPS to PDF converter (version 2006.09.02).]
\scratchcounter=\count108
\scratchdimen=\dimen111
\scratchbox=\box34
\nofMPsegments=\count109
\nofMParguments=\count110
\everyMPshowfont=\toks16
\MPscratchCnt=\count111
\MPscratchDim=\dimen112
\MPnumerator=\count112
\makeMPintoPDFobject=\count113
\everyMPtoPDFconversion=\toks17
)
LaTeX Font Info:    Try loading font information for U+msa on input line 181.
 ("C:\Program Files (x86)\MiKTeX 2.9\tex\latex\amsfonts\umsa.fd"
File: umsa.fd 2013/01/14 v3.01 AMS symbols A
)
LaTeX Font Info:    Try loading font information for U+msb on input line 181.

("C:\Program Files (x86)\MiKTeX 2.9\tex\latex\amsfonts\umsb.fd"
File: umsb.fd 2013/01/14 v3.01 AMS symbols B
) [1

{C:/Users/Srinivas/AppData/Local/MiKTeX/2.9/pdftex/config/pdftex.map}] [2

] [3


] [4] [5

]
Underfull \hbox (badness 10000) in paragraph at lines 220--222

 []


Underfull \hbox (badness 10000) in paragraph at lines 220--222

 []

[6


] ("Srinivas Muthu Masters Thesis.toc" [7


] [8] [9])
\tf@toc=\write3
 [10]
("Srinivas Muthu Masters Thesis.lot")
\tf@lot=\write4
 [11

] ("Srinivas Muthu Masters Thesis.lof")
\tf@lof=\write5
 [12

] [13

] [14

] [15

]
Chapter 1.
<images/androidSystemArchitecture.jpg, id=52, 72.27pt x 72.27pt>
File: images/androidSystemArchitecture.jpg Graphic file (type jpg)

<use images/androidSystemArchitecture.jpg>
Package pdftex.def Info: images/androidSystemArchitecture.jpg used on input lin
e 419.
(pdftex.def)             Requested size: 256.0748pt x 256.14449pt.


LaTeX Warning: `h' float specifier changed to `ht'.

[1



] [2 <./images/androidSystemArchitecture.jpg>] [3]
<images/mooresLaw.png, id=62, 1218.5525pt x 818.05624pt>
File: images/mooresLaw.png Graphic file (type png)

<use images/mooresLaw.png>
Package pdftex.def Info: images/mooresLaw.png used on input line 444.
(pdftex.def)             Requested size: 256.0748pt x 171.90923pt.
 [4 <./images/mooresLaw.png (PNG copy)>] [5]
<images/runningApps.png, id=71, 1628.33344pt x 1410.0178pt>
File: images/runningApps.png Graphic file (type png)

<use images/runningApps.png>
Package pdftex.def Info: images/runningApps.png used on input line 474.
(pdftex.def)             Requested size: 256.0748pt x 221.73474pt.
 [6 <./images/runningApps.png>] [7] [8]
Chapter 2.
[9

] [10] <images/appsByTime.png, id=89, 397.485pt x 194.97844pt>
File: images/appsByTime.png Graphic file (type png)

<use images/appsByTime.png>
Package pdftex.def Info: images/appsByTime.png used on input line 546.
(pdftex.def)             Requested size: 256.0748pt x 125.61583pt.

<images/contextPhone.png, id=90, 430.60875pt x 331.99031pt>
File: images/contextPhone.png Graphic file (type png)

<use images/contextPhone.png>
Package pdftex.def Info: images/contextPhone.png used on input line 564.
(pdftex.def)             Requested size: 256.0748pt x 197.43283pt.
Missing character: There is no â in font cmr12!
Missing character: There is no € in font cmr12!
Missing character: There is no ” in font cmr12!
Missing character: There is no â in font cmr12!
Missing character: There is no € in font cmr12!
Missing character: There is no ” in font cmr12!
Missing character: There is no â in font cmr12!
Missing character: There is no € in font cmr12!
Missing character: There is no ” in font cmr12!
Missing character: There is no â in font cmr12!
Missing character: There is no € in font cmr12!
Missing character: There is no ” in font cmr12!
 [11 <./images/appsByTime.png>] [12 <./images/contextPhone.png>] <images/gpsTra
ce.png, id=97, 188.95593pt x 127.97812pt>
File: images/gpsTrace.png Graphic file (type png)

<use images/gpsTrace.png>
Package pdftex.def Info: images/gpsTrace.png used on input line 576.
(pdftex.def)             Requested size: 256.0748pt x 173.45232pt.
Missing character: There is no â in font cmr12!
Missing character: There is no € in font cmr12!
Missing character: There is no ™ in font cmr12!
Missing character: There is no â in font cmr12!
Missing character: There is no € in font cmr12!
Missing character: There is no ™ in font cmr12!
Missing character: There is no â in font cmr12!
Missing character: There is no € in font cmr12!
Missing character: There is no ™ in font cmr12!
Missing character: There is no â in font cmr12!
Missing character: There is no € in font cmr12!
Missing character: There is no ™ in font cmr12!
 [13 <./images/gpsTrace.png>] [14]
Chapter 3.
[15

]
File: images/runningApps.png Graphic file (type png)
 <use images/runningApps.png>
Package pdftex.def Info: images/runningApps.png used on input line 596.
(pdftex.def)             Requested size: 256.0748pt x 221.73474pt.
File: images/runningApps.png Graphic file (type png)
 <use images/runningApps.png>
Package pdftex.def Info: images/runningApps.png used on input line 605.
(pdftex.def)             Requested size: 256.0748pt x 221.73474pt.
 [16] [17]
[18] <images/beforeAndAfterNews.png, id=118, 1629.08624pt x 1445.4pt>
File: images/beforeAndAfterNews.png Graphic file (type png)

<use images/beforeAndAfterNews.png>
Package pdftex.def Info: images/beforeAndAfterNews.png used on input line 639.
(pdftex.def)             Requested size: 256.0748pt x 227.18855pt.
 [19 <./images/beforeAndAfterNews.png>]
[20] [21] <images/removeCBP3.png, id=130, 405.76593pt x 310.91156pt>
File: images/removeCBP3.png Graphic file (type png)

<use images/removeCBP3.png>
Package pdftex.def Info: images/removeCBP3.png used on input line 663.
(pdftex.def)             Requested size: 256.0748pt x 196.21687pt.

<images/stage123.png, id=131, 2430.07875pt x 1385.175pt>
File: images/stage123.png Graphic file (type png)

<use images/stage123.png>
Package pdftex.def Info: images/stage123.png used on input line 672.
(pdftex.def)             Requested size: 369.88582pt x 210.83202pt.
 [22 <./images/removeCBP3.png>] [23 <./images/stage123.png>] [24] [25] [26] [27
]
Underfull \hbox (badness 10000) in paragraph at lines 777--778

 []

[28] [29] [30] [31] [32] [33] [34]
Chapter 4.
[35

]
Overfull \vbox (5.10855pt too high) has occurred while \output is active []


[36]
Chapter 5.
[37

]
Overfull \vbox (201.83556pt too high) has occurred while \output is active []


[38]
Chapter 6.
[39

]
Overfull \vbox (7.67186pt too high) has occurred while \output is active []


[40]
Chapter 7.
[41

]
Underfull \hbox (badness 10000) detected at line 1001
 
 []


Underfull \hbox (badness 10000) detected at line 1005
 
 []


Overfull \hbox (4.9583pt too wide) in paragraph at lines 1005--1008
\OT1/cmr/m/it/12 http://www.lifehacker.com.au/2014/09/the-most-popular-smartpho
ne-operating-
 []


Underfull \hbox (badness 10000) detected at line 1009
 
 []


Overfull \hbox (6.05295pt too wide) in paragraph at lines 1009--1012
\OT1/cmr/m/it/12 https://mahalelabs.files.wordpress.com/2013/03/androidstack-1.
jpg\OT1/cmr/m/n/12 , March 2013.
 []


Underfull \hbox (badness 10000) detected at line 1013
 
 []


Overfull \hbox (1.0222pt too wide) in paragraph at lines 1013--1016
\OT1/cmr/m/it/12 http://www.cnet.com/uk/how-to/best-custom-roms-for-the-samsung
-galaxy-s2/\OT1/cmr/m/n/12 ,
 []


Underfull \hbox (badness 10000) detected at line 1017
 
 []


Underfull \hbox (badness 10000) detected at line 1021
 
 []


Overfull \hbox (18.91956pt too wide) in paragraph at lines 1021--1024
\OT1/cmr/m/it/12 http://developer.android.com/guide/components/fundamentals.htm
l\OT1/cmr/m/n/12 , Oc-to-ber 2015.
 []


Underfull \hbox (badness 10000) detected at line 1025
 
 []


Underfull \hbox (badness 10000) detected at line 1029
 
 []


Overfull \hbox (14.63947pt too wide) in paragraph at lines 1029--1032
\OT1/cmr/m/it/12 http://developer.android.com/guide/components/services.html\OT
1/cmr/m/n/12 , Oc-to-ber 2015. On-
 []


Underfull \hbox (badness 10000) detected at line 1033
 
 []


Overfull \hbox (9.45514pt too wide) in paragraph at lines 1033--1036
\OT1/cmr/m/it/12 http://www.extremetech.com/wp-content/uploads/2015/04/MooresLa
w2.png\OT1/cmr/m/n/12 , Oc-
 []

[42

]
Underfull \hbox (badness 10000) detected at line 1037
 
 []


Overfull \hbox (10.7311pt too wide) in paragraph at lines 1037--1040
\OT1/cmr/m/it/12 http://www.cnet.com/news/a-brief-history-of-android-phones/\OT
1/cmr/m/n/12 , Au-gust 2011. On-
 []


Underfull \hbox (badness 10000) detected at line 1041
 
 []


Underfull \hbox (badness 10000) detected at line 1045
 
 []


Overfull \hbox (1.24901pt too wide) in paragraph at lines 1045--1048
\OT1/cmr/m/it/12 http://www.androidcentral.com/nexus-6p\OT1/cmr/m/n/12 , Oc-to-
ber 2015. On-line; Last Ac-cessed:
 []


Underfull \hbox (badness 10000) detected at line 1049
 
 []


Underfull \hbox (badness 10000) detected at line 1053
 
 []


Overfull \hbox (8.3721pt too wide) in paragraph at lines 1053--1056
\OT1/cmr/m/it/12 http://phandroid.com/2011/06/16/android-psa-stop-using-task-ki
ller-apps-now/\OT1/cmr/m/n/12 ,
 []


Underfull \hbox (badness 10000) detected at line 1057
 
 []


Overfull \hbox (0.57191pt too wide) in paragraph at lines 1057--1060
\OT1/cmr/m/it/12 http://developer.android.com/guide/topics/processes/process-li
fecycle.html\OT1/cmr/m/n/12 , Oc-
 []


Underfull \hbox (badness 10000) detected at line 1061
 
 []


Overfull \hbox (8.03938pt too wide) in paragraph at lines 1061--1064
\OT1/cmr/m/it/12 http://developer.android.com/training/articles/memory.html\OT1
/cmr/m/n/12 , Oc-to-ber 2015. On-
 []


Underfull \hbox (badness 10000) detected at line 1065
 
 []


Underfull \hbox (badness 10000) detected at line 1069
 
 []


Underfull \hbox (badness 10000) detected at line 1073
 
 []

[43]
Underfull \hbox (badness 10000) detected at line 1077
 
 []


Overfull \hbox (1.8209pt too wide) in paragraph at lines 1077--1080
\OT1/cmr/m/it/12 http://www.cc.gatech.edu/fce/ctk/pubs/HCIJ16.pdf\OT1/cmr/m/n/1
2 , Jan-uary 2001. On-line; Last
 []


Underfull \hbox (badness 10000) detected at line 1081
 
 []


Underfull \hbox (badness 10000) detected at line 1085
 
 []


Overfull \hbox (28.35576pt too wide) in paragraph at lines 1085--1088
\OT1/cmr/m/it/12 markus-jakobsson.com/wp-content/uploads/2010/11/ShiNiuJakobsso
nChow2010.pdf\OT1/cmr/m/n/12 ,
 []


Underfull \hbox (badness 10000) detected at line 1089
 
 []


Overfull \hbox (15.04462pt too wide) in paragraph at lines 1089--1092
\OT1/cmr/m/it/12 http://www.eecs.berkeley.edu/Pubs/TechRpts/1987/CSD-87-357.pdf
\OT1/cmr/m/n/12 , Au-gust 1987.
 []


Underfull \hbox (badness 10000) detected at line 1093
 
 []


Underfull \hbox (badness 10000) detected at line 1097
 
 []


Underfull \hbox (badness 10000) detected at line 1101
 
 []


Overfull \hbox (0.43756pt too wide) in paragraph at lines 1101--1104
\OT1/cmr/m/it/12 http://www.iasj.net/iasj?func=fulltext&aId=50712\OT1/cmr/m/n/1
2 , Jan-uary 2003. On-line; Last
 []


Underfull \hbox (badness 10000) detected at line 1105
 
 []


Overfull \hbox (24.91689pt too wide) in paragraph at lines 1105--1108
\OT1/cmr/m/it/12 https://www.seas.upenn.edu/ cit595/cit595s10/handouts/LRUrepla
cementpolicy.pdf\OT1/cmr/m/n/12 ,
 []


Underfull \hbox (badness 10000) detected at line 1109
 
 []


Underfull \hbox (badness 10000) detected at line 1113
 
 []

[44]
Underfull \hbox (badness 10000) detected at line 1117
 
 []


Underfull \hbox (badness 10000) detected at line 1125
 
 []


Overfull \hbox (57.15886pt too wide) in paragraph at lines 1125--1128
\OT1/cmr/m/it/12 http://techcrunch.com/2014/07/01/an-upper-limit-for-apps-new-d
ata-suggests-consumers-
 []


Underfull \hbox (badness 10000) detected at line 1129
 
 []


Overfull \hbox (36.87262pt too wide) in paragraph at lines 1129--1132
\OT1/cmr/m/it/12 http://infocenter.arm.com/help/index.jsp?topic=/com.arm.doc.se
t.cortexr/index.html\OT1/cmr/m/n/12 ,
 []


Underfull \hbox (badness 10000) detected at line 1133
 
 []


Overfull \hbox (10.2682pt too wide) in paragraph at lines 1133--1136
\OT1/cmr/m/it/12 http://www.technorms.com/40664/android-task-killer-apps\OT1/cm
r/m/n/12 , Septem-ber 2014. On-
 []


Underfull \hbox (badness 10000) detected at line 1137
 
 []


Underfull \hbox (badness 10000) detected at line 1141
 
 []


Overfull \hbox (5.11633pt too wide) in paragraph at lines 1141--1144
\OT1/cmr/m/it/12 http://developer.android.com/reference/android/app/ActivityMan
ager.html\OT1/cmr/m/n/12 , Oc-
 []


Underfull \hbox (badness 10000) detected at line 1145
 
 []


Overfull \hbox (38.56711pt too wide) in paragraph at lines 1145--1148
\OT1/cmr/m/it/12 https://developer.android.com/reference/android/app/usage/Usag
eStatsManager.html\OT1/cmr/m/n/12 ,
 []


Underfull \hbox (badness 10000) detected at line 1149
 
 []


Underfull \hbox (badness 10000) detected at line 1153
 
 []

[45]
Underfull \hbox (badness 10000) detected at line 1157
 
 []


Underfull \hbox (badness 10000) detected at line 1161
 
 []


Overfull \hbox (5.5992pt too wide) in paragraph at lines 1161--1164
\OT1/cmr/m/it/12 https://github.com/Chainfire/libsuperuser\OT1/cmr/m/n/12 , Oc-
to-ber 2015. On-line; Last Ac-cessed:
 []


Underfull \hbox (badness 10000) detected at line 1165
 
 []


Overfull \hbox (4.21407pt too wide) in paragraph at lines 1165--1168
\OT1/cmr/m/it/12 https://github.com/jaredrummler/AndroidProcesses\OT1/cmr/m/n/1
2 , Oc-to-ber 2015. On-line; Last
 []


Underfull \hbox (badness 10000) detected at line 1169
 
 []


Overfull \hbox (0.73502pt too wide) in paragraph at lines 1169--1172
\OT1/cmr/m/it/12 https://github.com/android/platform[]system[]core/tree/master/
toolbox\OT1/cmr/m/n/12 , Oc-to-ber
 []


Underfull \hbox (badness 10000) detected at line 1173
 
 []


Overfull \hbox (11.03941pt too wide) in paragraph at lines 1173--1176
\OT1/cmr/m/it/12 https://source.android.com/devices/tech/config/low-ram.html\OT
1/cmr/m/n/12 , Oc-to-ber 2015. On-
 []


Underfull \hbox (badness 10000) detected at line 1177
 
 []

[46] ("Srinivas Muthu Masters Thesis.aux") ) 
Here is how much of TeX's memory you used:
 3472 strings out of 493673
 47677 string characters out of 3141520
 127540 words of memory out of 3000000
 6802 multiletter control sequences out of 15000+200000
 11056 words of font info for 41 fonts, out of 3000000 for 9000
 1025 hyphenation exceptions out of 8191
 27i,15n,26p,1472b,339s stack positions out of 5000i,500n,10000p,200000b,50000s
<C:/Program Files (x86)/MiKTeX 2.9/
fonts/type1/public/amsfonts/cm/cmbx12.pfb><C:/Program Files (x86)/MiKTeX 2.9/fo
nts/type1/public/amsfonts/cm/cmmi12.pfb><C:/Program Files (x86)/MiKTeX 2.9/font
s/type1/public/amsfonts/cm/cmr12.pfb><C:/Program Files (x86)/MiKTeX 2.9/fonts/t
ype1/public/amsfonts/cm/cmsy10.pfb><C:/Program Files (x86)/MiKTeX 2.9/fonts/typ
e1/public/amsfonts/cm/cmti12.pfb><C:/Program Files (x86)/MiKTeX 2.9/fonts/type1
/public/amsfonts/symbols/msam10.pfb>
Output written on "Srinivas Muthu Masters Thesis.pdf" (61 pages, 1309388 bytes)
.
PDF statistics:
 234 PDF objects out of 1000 (max. 8388607)
 0 named destinations out of 1000 (max. 500000)
 46 words of extra memory for PDF output out of 10000 (max. 10000000)

